Determining if the pthread_create exist failed with the following output:
Change Dir: /home/aruchid/aruchid/code/slambook2-master/ch6/CMakeFiles/CMakeTmp

Run Build Command:"/usr/bin/make" "cmTC_9ef6e/fast"
/usr/bin/make -f CMakeFiles/cmTC_9ef6e.dir/build.make CMakeFiles/cmTC_9ef6e.dir/build
make[1]: Entering directory '/home/aruchid/aruchid/code/slambook2-master/ch6/CMakeFiles/CMakeTmp'
Building C object CMakeFiles/cmTC_9ef6e.dir/CheckSymbolExists.c.o
/usr/bin/cc    -o CMakeFiles/cmTC_9ef6e.dir/CheckSymbolExists.c.o   -c /home/aruchid/aruchid/code/slambook2-master/ch6/CMakeFiles/CMakeTmp/CheckSymbolExists.c
Linking C executable cmTC_9ef6e
/usr/local/bin/cmake -E cmake_link_script CMakeFiles/cmTC_9ef6e.dir/link.txt --verbose=1
/usr/bin/cc      -rdynamic CMakeFiles/cmTC_9ef6e.dir/CheckSymbolExists.c.o  -o cmTC_9ef6e 
CMakeFiles/cmTC_9ef6e.dir/CheckSymbolExists.c.o：在函数‘main’中：
CheckSymbolExists.c:(.text+0x16)：对‘pthread_create’未定义的引用
collect2: error: ld returned 1 exit status
CMakeFiles/cmTC_9ef6e.dir/build.make:86: recipe for target 'cmTC_9ef6e' failed
make[1]: *** [cmTC_9ef6e] Error 1
make[1]: Leaving directory '/home/aruchid/aruchid/code/slambook2-master/ch6/CMakeFiles/CMakeTmp'
Makefile:126: recipe for target 'cmTC_9ef6e/fast' failed
make: *** [cmTC_9ef6e/fast] Error 2

File /home/aruchid/aruchid/code/slambook2-master/ch6/CMakeFiles/CMakeTmp/CheckSymbolExists.c:
/* */
#include <pthread.h>

int main(int argc, char** argv)
{
  (void)argv;
#ifndef pthread_create
  return ((int*)(&pthread_create))[argc];
#else
  (void)argc;
  return 0;
#endif
}

Determining if the function pthread_create exists in the pthreads failed with the following output:
Change Dir: /home/aruchid/aruchid/code/slambook2-master/ch6/CMakeFiles/CMakeTmp

Run Build Command:"/usr/bin/make" "cmTC_4d612/fast"
/usr/bin/make -f CMakeFiles/cmTC_4d612.dir/build.make CMakeFiles/cmTC_4d612.dir/build
make[1]: Entering directory '/home/aruchid/aruchid/code/slambook2-master/ch6/CMakeFiles/CMakeTmp'
Building C object CMakeFiles/cmTC_4d612.dir/CheckFunctionExists.c.o
/usr/bin/cc   -DCHECK_FUNCTION_EXISTS=pthread_create   -o CMakeFiles/cmTC_4d612.dir/CheckFunctionExists.c.o   -c /usr/local/share/cmake-3.11/Modules/CheckFunctionExists.c
Linking C executable cmTC_4d612
/usr/local/bin/cmake -E cmake_link_script CMakeFiles/cmTC_4d612.dir/link.txt --verbose=1
/usr/bin/cc  -DCHECK_FUNCTION_EXISTS=pthread_create    -rdynamic CMakeFiles/cmTC_4d612.dir/CheckFunctionExists.c.o  -o cmTC_4d612 -lpthreads 
/usr/bin/ld: 找不到 -lpthreads
collect2: error: ld returned 1 exit status
CMakeFiles/cmTC_4d612.dir/build.make:86: recipe for target 'cmTC_4d612' failed
make[1]: *** [cmTC_4d612] Error 1
make[1]: Leaving directory '/home/aruchid/aruchid/code/slambook2-master/ch6/CMakeFiles/CMakeTmp'
Makefile:126: recipe for target 'cmTC_4d612/fast' failed
make: *** [cmTC_4d612/fast] Error 2


